<?xml version="1.0" encoding="UTF-8"?>
<!-- Generated by org.testng.reporters.JUnitReportReporter -->
<testsuite hostname="DESKTOP-QDU2JEK" failures="0" tests="1" name="testCases.AccountRegistration" time="17.020" errors="0" timestamp="2023-12-07T16:57:12 IST" skipped="0">
  <testcase classname="testCases.AccountRegistration" name="accountRegistration" time="17.020"/>
</testsuite> <!-- testCases.AccountRegistration -->
