<?xml version="1.0" encoding="UTF-8"?>
<!-- Generated by org.testng.reporters.JUnitReportReporter -->
<testsuite hostname="DESKTOP-QDU2JEK" failures="0" tests="1" name="testCases.TC_02Login" time="7.442" errors="0" timestamp="2023-12-07T12:57:32 IST" skipped="0">
  <testcase classname="testCases.TC_02Login" name="testLogin" time="7.442"/>
</testsuite> <!-- testCases.TC_02Login -->
