<?xml version="1.0" encoding="UTF-8"?>
<!-- Generated by org.testng.reporters.JUnitReportReporter -->
<testsuite hostname="DESKTOP-QDU2JEK" failures="0" tests="1" name="testCases.TC_02Login" time="7.437" errors="0" timestamp="2023-12-07T16:14:38 IST" skipped="0">
  <testcase classname="testCases.TC_02Login" name="testLogin" time="7.437"/>
</testsuite> <!-- testCases.TC_02Login -->
